14:24:30,677 INFO -Configuration Result:
[Success] Name QuartzTopShelfDemoService
[Success] DisplayName QuartzTopShelfDemo∑˛ŒÒ
[Success] Description Quartz+TopShelf µœ÷Windows∑˛ŒÒ◊˜“µµ˜∂»µƒ“ª∏ˆ æ¿˝Demo
[Success] ServiceName QuartzTopShelfDemoService
14:24:30,689 INFO -Topshelf v3.3.154.0, .NET Framework v4.0.30319.42000
14:24:30,958 DEBUG-Running as a console application, creating the console host.
14:24:30,969 DEBUG-Starting up as a console application
14:24:31,195 INFO -The QuartzTopShelfDemoService service is now running, press Control+C to exit.
14:24:31,214 INFO -TestJob≤‚ ‘
14:24:35,000 INFO -TestJob≤‚ ‘
14:24:40,000 INFO -TestJob≤‚ ‘
14:24:45,000 INFO -TestJob≤‚ ‘
14:24:50,000 INFO -TestJob≤‚ ‘
14:24:55,000 INFO -TestJob≤‚ ‘
14:25:00,000 INFO -TestJob≤‚ ‘
14:25:00,227 INFO -Control+C detected, attempting to stop service.
14:25:00,237 INFO -The QuartzTopShelfDemoService service has stopped.
15:47:52,443 INFO -Configuration Result:
[Success] Name QuartzTopShelfDemoService
[Success] DisplayName QuartzTopShelfDemo∑˛ŒÒ
[Success] Description Quartz+TopShelf µœ÷Windows∑˛ŒÒ◊˜“µµ˜∂»µƒ“ª∏ˆ æ¿˝Demo
[Success] ServiceName QuartzTopShelfDemoService
15:47:52,453 INFO -Topshelf v3.3.154.0, .NET Framework v4.0.30319.42000
15:47:52,630 DEBUG-Running as a console application, creating the console host.
15:47:52,634 DEBUG-Starting up as a console application
15:47:52,881 INFO -The QuartzTopShelfDemoService service is now running, press Control+C to exit.
15:47:52,898 INFO -TestJob≤‚ ‘
15:47:55,000 INFO -TestJob≤‚ ‘
15:48:00,000 INFO -TestJob≤‚ ‘
15:48:05,000 INFO -TestJob≤‚ ‘
15:48:40,000 INFO -TestJob≤‚ ‘
15:48:45,000 INFO -TestJob≤‚ ‘
15:48:50,000 INFO -TestJob≤‚ ‘
15:48:10,000 INFO -TestJob≤‚ ‘
15:48:15,000 INFO -TestJob≤‚ ‘
15:48:20,000 INFO -TestJob≤‚ ‘
15:48:25,000 INFO -TestJob≤‚ ‘
15:48:30,000 INFO -TestJob≤‚ ‘
15:48:35,000 INFO -TestJob≤‚ ‘
15:49:48,679 INFO -TestJob≤‚ ‘
15:49:50,000 INFO -TestJob≤‚ ‘
15:49:55,000 INFO -TestJob≤‚ ‘
15:50:00,000 INFO -TestJob≤‚ ‘
15:50:05,000 INFO -TestJob≤‚ ‘
15:50:10,000 INFO -TestJob≤‚ ‘
15:50:15,000 INFO -TestJob≤‚ ‘
15:50:20,000 INFO -TestJob≤‚ ‘
15:50:25,000 INFO -TestJob≤‚ ‘
15:50:30,000 INFO -TestJob≤‚ ‘
15:50:35,000 INFO -TestJob≤‚ ‘
15:50:40,000 INFO -TestJob≤‚ ‘
15:50:45,000 INFO -TestJob≤‚ ‘
15:50:50,000 INFO -TestJob≤‚ ‘
15:50:55,000 INFO -TestJob≤‚ ‘
15:51:00,000 INFO -TestJob≤‚ ‘
15:51:05,000 INFO -TestJob≤‚ ‘
15:51:10,000 INFO -TestJob≤‚ ‘
15:51:15,000 INFO -TestJob≤‚ ‘
15:51:20,000 INFO -TestJob≤‚ ‘
15:51:25,000 INFO -TestJob≤‚ ‘
15:51:30,000 INFO -TestJob≤‚ ‘
15:51:35,000 INFO -TestJob≤‚ ‘
15:51:40,000 INFO -TestJob≤‚ ‘
15:51:45,000 INFO -TestJob≤‚ ‘
15:51:50,000 INFO -TestJob≤‚ ‘
15:51:55,000 INFO -TestJob≤‚ ‘
15:52:00,000 INFO -TestJob≤‚ ‘
15:52:05,000 INFO -TestJob≤‚ ‘
15:52:10,000 INFO -TestJob≤‚ ‘
15:52:15,000 INFO -TestJob≤‚ ‘
15:52:20,000 INFO -TestJob≤‚ ‘
15:52:25,000 INFO -TestJob≤‚ ‘
15:52:30,000 INFO -TestJob≤‚ ‘
