14:26:13,671 INFO -Configuration Result:
[Success] Name QuartzTopShelfDemoService
[Success] DisplayName QuartzTopShelfDemo服务
[Success] Description Quartz+TopShelf实现Windows服务作业调度的一个示例Demo
[Success] ServiceName QuartzTopShelfDemoService
14:26:13,682 INFO -Topshelf v3.3.154.0, .NET Framework v4.0.30319.42000
14:26:13,688 ERROR-The QuartzTopShelfDemoService service can only be installed as an administrator
14:27:52,714 INFO -Configuration Result:
[Success] Name QuartzTopShelfDemoService
[Success] DisplayName QuartzTopShelfDemo服务
[Success] Description Quartz+TopShelf实现Windows服务作业调度的一个示例Demo
[Success] ServiceName QuartzTopShelfDemoService
14:27:52,723 INFO -Topshelf v3.3.154.0, .NET Framework v4.0.30319.42000
14:27:52,729 DEBUG-Attempting to install 'QuartzTopShelfDemoService'
14:27:52,749 INFO -Installing QuartzTopShelfDemo服务 service
14:27:52,758 DEBUG-Opening Registry
14:27:52,758 DEBUG-Service path: "C:\Workspace\backend\QTDemo\QTDemo\bin\Release\QTDemo.exe"
14:27:52,758 DEBUG-Image path: "C:\Workspace\backend\QTDemo\QTDemo\bin\Release\QTDemo.exe"  -displayname "QuartzTopShelfDemo服务" -servicename "QuartzTopShelfDemoService"
14:27:52,759 DEBUG-Closing Registry
14:28:12,270 INFO -Configuration Result:
[Success] Name QuartzTopShelfDemoService
[Success] DisplayName QuartzTopShelfDemo服务
[Success] Description Quartz+TopShelf实现Windows服务作业调度的一个示例Demo
[Success] ServiceName QuartzTopShelfDemoService
14:28:12,280 INFO -Topshelf v3.3.154.0, .NET Framework v4.0.30319.42000
14:28:12,391 DEBUG-Started by the Windows services process
14:28:12,391 DEBUG-Running as a service, creating service host.
14:28:12,393 INFO -Starting as a Windows service
14:28:12,395 DEBUG-[Topshelf] Starting up as a windows service application
14:28:12,396 INFO -[Topshelf] Starting
14:28:12,397 DEBUG-[Topshelf] Current Directory: C:\Workspace\backend\QTDemo\QTDemo\bin\Release
14:28:12,397 DEBUG-[Topshelf] Arguments: 
14:28:12,591 INFO -[Topshelf] Started
14:28:12,614 INFO -TestJob测试
14:28:15,000 INFO -TestJob测试
14:28:20,000 INFO -TestJob测试
14:28:25,000 INFO -TestJob测试
14:28:30,000 INFO -TestJob测试
14:28:35,000 INFO -TestJob测试
14:28:40,000 INFO -TestJob测试
14:28:45,000 INFO -TestJob测试
14:28:50,000 INFO -TestJob测试
14:28:55,000 INFO -TestJob测试
14:29:00,000 INFO -TestJob测试
14:29:05,000 INFO -TestJob测试
14:29:10,000 INFO -TestJob测试
14:29:15,000 INFO -TestJob测试
14:29:20,000 INFO -TestJob测试
14:29:22,719 INFO -[Topshelf] Stopping
14:29:22,723 INFO -[Topshelf] Stopped
